Тест: без ошибок 
--- Протокол --- Дата: 30.12.2022 21:33:57
--- Параметры --- 
-in : in.txt
-out: out.asm
-log: in.txt.log

Ошибка N200: ERROR 200 Недопустимый символ в исходном файле(-in) Строка: 1 Позиция в строке: 52

Ошибка N200: ERROR 200 Недопустимый символ в исходном файле(-in) Строка: 1 Позиция в строке: 53

Ошибка N200: ERROR 200 Недопустимый символ в исходном файле(-in) Строка: 1 Позиция в строке: 54

Ошибка N200: ERROR 200 Недопустимый символ в исходном файле(-in) Строка: 1 Позиция в строке: 55

Ошибка N200: ERROR 200 Недопустимый символ в исходном файле(-in) Строка: 1 Позиция в строке: 56

Ошибка N200: ERROR 200 Недопустимый символ в исходном файле(-in) Строка: 1 Позиция в строке: 57

Ошибка N200: ERROR 200 Недопустимый символ в исходном файле(-in) Строка: 1 Позиция в строке: 58

Ошибка N200: ERROR 200 Недопустимый символ в исходном файле(-in) Строка: 1 Позиция в строке: 59

Ошибка N200: ERROR 200 Недопустимый символ в исходном файле(-in) Строка: 1 Позиция в строке: 60

Ошибка N200: ERROR 200 Недопустимый символ в исходном файле(-in) Строка: 1 Позиция в строке: 61

Ошибка N200: ERROR 200 Недопустимый символ в исходном файле(-in) Строка: 1 Позиция в строке: 62

Ошибка N200: ERROR 200 Недопустимый символ в исходном файле(-in) Строка: 1 Позиция в строке: 63
--- Исходные данные --- 
Количество символов : 236
Количество строк    : 15
Проигнорировано     : 12

Ошибка N-281: Неопределенная ошибка Строка: 0

-----------------  Таблица лексем ---------------------

  1 | tfi[0](ti[1])
  2 | {
  3 | nti[2]=i[1]-l[3];
  4 | nti[4]=l[5];
  5 | ?i[1]&l[6]
  6 | r[el[3];]
  7 | w
  8 | [
  9 | i[1]=i[1]*i[0](i[2]);
 10 | ei[1];
 11 | ]
 12 | el[3];
 13 | }
 15 | tfi[7](ti[8])
-------------------------------------------------------------------------

Лексический анализ завершен с ошибками
