e:\уник\kes_22\kes_22\kes_22\x64\debug\vc143.pdb
e:\уник\kes_22\kes_22\kes_22\x64\debug\vc143.idb
e:\уник\kes_22\kes_22\kes_22\x64\debug\semanticanaliz.obj
e:\уник\kes_22\kes_22\kes_22\x64\debug\polishnotation.obj
e:\уник\kes_22\kes_22\kes_22\x64\debug\parm.obj
e:\уник\kes_22\kes_22\kes_22\x64\debug\mfst.obj
e:\уник\kes_22\kes_22\kes_22\x64\debug\lt.obj
e:\уник\kes_22\kes_22\kes_22\x64\debug\log.obj
e:\уник\kes_22\kes_22\kes_22\x64\debug\lexanaliz.obj
e:\уник\kes_22\kes_22\kes_22\x64\debug\kes_22.obj
e:\уник\kes_22\kes_22\kes_22\x64\debug\it.obj
e:\уник\kes_22\kes_22\kes_22\x64\debug\in.obj
e:\уник\kes_22\kes_22\kes_22\x64\debug\grb.obj
e:\уник\kes_22\kes_22\kes_22\x64\debug\generator.obj
e:\уник\kes_22\kes_22\kes_22\x64\debug\fst.obj
e:\уник\kes_22\kes_22\kes_22\x64\debug\error.obj
e:\уник\kes_22\kes_22\kes_22\x64\debug\kes_22.ilk
e:\уник\kes_22\kes_22\x64\debug\kes_22.exe
e:\уник\kes_22\kes_22\x64\debug\kes_22.pdb
e:\уник\kes_22\kes_22\kes_22\x64\debug\kes_22.tlog\cl.command.1.tlog
e:\уник\kes_22\kes_22\kes_22\x64\debug\kes_22.tlog\cl.read.1.tlog
e:\уник\kes_22\kes_22\kes_22\x64\debug\kes_22.tlog\cl.write.1.tlog
e:\уник\kes_22\kes_22\kes_22\x64\debug\kes_22.tlog\link.command.1.tlog
e:\уник\kes_22\kes_22\kes_22\x64\debug\kes_22.tlog\link.read.1.tlog
e:\уник\kes_22\kes_22\kes_22\x64\debug\kes_22.tlog\link.write.1.tlog
