  Assembling asm.asm...
asm.asm(1): error A2008: syntax error : .
asm.asm(2): error A2008: syntax error : .
asm.asm(7): error A2008: syntax error : .
asm.asm(42): error A2070: invalid instruction operands
asm.asm(43): error A2070: invalid instruction operands
asm.asm(44): error A2070: invalid instruction operands
asm.asm(45): error A2070: invalid instruction operands
asm.asm(47): error A2070: invalid instruction operands
asm.asm(48): error A2070: invalid instruction operands
asm.asm(59): error A2070: invalid instruction operands
asm.asm(66): error A2070: invalid instruction operands
asm.asm(73): error A2070: invalid instruction operands
asm.asm(74): error A2070: invalid instruction operands
asm.asm(75): error A2070: invalid instruction operands
asm.asm(76): error A2070: invalid instruction operands
asm.asm(77): error A2070: invalid instruction operands
asm.asm(78): error A2070: invalid instruction operands
asm.asm(80): error A2070: invalid instruction operands
asm.asm(81): error A2070: invalid instruction operands
asm.asm(82): error A2070: invalid instruction operands
asm.asm(85): error A2070: invalid instruction operands
asm.asm(86): error A2070: invalid instruction operands
asm.asm(95): error A2070: invalid instruction operands
asm.asm(96): error A2070: invalid instruction operands
asm.asm(98): error A2070: invalid instruction operands
asm.asm(99): error A2070: invalid instruction operands
asm.asm(101): error A2070: invalid instruction operands
asm.asm(102): error A2070: invalid instruction operands
asm.asm(108): error A2070: invalid instruction operands
asm.asm(109): error A2070: invalid instruction operands
asm.asm(110): error A2070: invalid instruction operands
asm.asm(111): error A2070: invalid instruction operands
asm.asm(112): error A2070: invalid instruction operands
asm.asm(113): error A2070: invalid instruction operands
asm.asm(114): error A2070: invalid instruction operands
asm.asm(115): error A2070: invalid instruction operands
asm.asm(116): error A2070: invalid instruction operands
asm.asm(118): error A2070: invalid instruction operands
asm.asm(119): error A2070: invalid instruction operands
asm.asm(120): error A2070: invalid instruction operands
asm.asm(125): error A2070: invalid instruction operands
asm.asm(126): error A2070: invalid instruction operands
asm.asm(128): error A2070: invalid instruction operands
asm.asm(129): error A2070: invalid instruction operands
asm.asm(130): error A2070: invalid instruction operands
asm.asm(131): error A2070: invalid instruction operands
asm.asm(134): error A2070: invalid instruction operands
asm.asm(135): error A2070: invalid instruction operands
asm.asm(140): error A2070: invalid instruction operands
asm.asm(141): error A2070: invalid instruction operands
asm.asm(142): error A2070: invalid instruction operands
asm.asm(143): error A2070: invalid instruction operands
asm.asm(145): error A2070: invalid instruction operands
asm.asm(146): error A2070: invalid instruction operands
asm.asm(152): error A2070: invalid instruction operands
asm.asm(159): error A2070: invalid instruction operands
asm.asm(166): error A2070: invalid instruction operands
asm.asm(167): error A2070: invalid instruction operands
asm.asm(168): error A2070: invalid instruction operands
asm.asm(169): error A2070: invalid instruction operands
asm.asm(170): error A2070: invalid instruction operands
asm.asm(172): error A2070: invalid instruction operands
asm.asm(173): error A2070: invalid instruction operands
asm.asm(175): error A2070: invalid instruction operands
asm.asm(176): error A2070: invalid instruction operands
asm.asm(177): error A2070: invalid instruction operands
asm.asm(178): error A2070: invalid instruction operands
asm.asm(179): error A2070: invalid instruction operands
asm.asm(181): error A2070: invalid instruction operands
asm.asm(182): error A2070: invalid instruction operands
asm.asm(185): error A2070: invalid instruction operands
asm.asm(188): error A2070: invalid instruction operands
asm.asm(194): error A2070: invalid instruction operands
asm.asm(200): error A2070: invalid instruction operands
asm.asm(206): error A2008: syntax error : main
asm.asm(206): error A2088: END directive required at end of file
C:\Program Files\Microsoft Visual Studio\2022\Community\MSBuild\Microsoft\VC\v170\BuildCustomizations\masm.targets(70,5): error MSB3721: выход из команды "ml64.exe /c /nologo /Zi /Fo"x64\Debug\asm.obj" /W3 /errorReport:prompt  /Taasm.asm" с кодом "1".
