Тест: без ошибок 
--- Протокол --- Дата: 23.12.2022 13:46:20
--- Параметры --- 
-in : in.txt
-out: ../KESasm/KESasm/out.asm
-log: in.txt.log
--- Исходные данные --- 
Количество символов : 169
Количество строк    : 16
Проигнорировано     : 0

Ошибка N-281: Неопределенная ошибка Строка: 0

-----------------  Таблица лексем ---------------------

  3 | tfi[0](ti[1])
  4 | {
  5 | nti[2]=i[1]-l[3];
  6 | ?i[1]&l[4]
  7 | r[el[3];]
  8 | w
  9 | [
 10 | i[1]=i[1]*i[0](i[2]);
 11 | ei[1];
 12 | ]
 13 | el[3];
 14 | }
-------------------------------------------------------------------------

Лексический анализ завершен с ошибками
