e:\уник\kes_22\kes_22\kes_22\debug\vc143.pdb
e:\уник\kes_22\kes_22\kes_22\debug\vc143.idb
e:\уник\kes_22\kes_22\kes_22\debug\semanticanaliz.obj
e:\уник\kes_22\kes_22\kes_22\debug\polishnotation.obj
e:\уник\kes_22\kes_22\kes_22\debug\parm.obj
e:\уник\kes_22\kes_22\kes_22\debug\mfst.obj
e:\уник\kes_22\kes_22\kes_22\debug\lt.obj
e:\уник\kes_22\kes_22\kes_22\debug\log.obj
e:\уник\kes_22\kes_22\kes_22\debug\lexanaliz.obj
e:\уник\kes_22\kes_22\kes_22\debug\kes_22.obj
e:\уник\kes_22\kes_22\kes_22\debug\it.obj
e:\уник\kes_22\kes_22\kes_22\debug\in.obj
e:\уник\kes_22\kes_22\kes_22\debug\grb.obj
e:\уник\kes_22\kes_22\kes_22\debug\generator.obj
e:\уник\kes_22\kes_22\kes_22\debug\fst.obj
e:\уник\kes_22\kes_22\kes_22\debug\error.obj
e:\уник\2cем\kes_22\kes_22\kes_22\debug\vc143.pdb
e:\уник\2cем\kes_22\kes_22\kes_22\debug\vc143.idb
e:\уник\2cем\kes_22\kes_22\kes_22\debug\semanticanaliz.obj
e:\уник\2cем\kes_22\kes_22\kes_22\debug\polishnotation.obj
e:\уник\2cем\kes_22\kes_22\kes_22\debug\parm.obj
e:\уник\2cем\kes_22\kes_22\kes_22\debug\mfst.obj
e:\уник\2cем\kes_22\kes_22\kes_22\debug\lt.obj
e:\уник\2cем\kes_22\kes_22\kes_22\debug\log.obj
e:\уник\2cем\kes_22\kes_22\kes_22\debug\lexanaliz.obj
e:\уник\2cем\kes_22\kes_22\kes_22\debug\kes_22.obj
e:\уник\2cем\kes_22\kes_22\kes_22\debug\it.obj
e:\уник\2cем\kes_22\kes_22\kes_22\debug\in.obj
e:\уник\2cем\kes_22\kes_22\kes_22\debug\grb.obj
e:\уник\2cем\kes_22\kes_22\kes_22\debug\generator.obj
e:\уник\2cем\kes_22\kes_22\kes_22\debug\fst.obj
e:\уник\2cем\kes_22\kes_22\kes_22\debug\error.obj
e:\уник\kes_22\kes_22\debug\kes_22.exe
e:\уник\kes_22\kes_22\kes_22\debug\kes_22.ilk
e:\уник\kes_22\kes_22\debug\kes_22.pdb
e:\уник\2cем\kes_22\kes_22\debug\kes_22.exe
e:\уник\2cем\kes_22\kes_22\kes_22\debug\kes_22.ilk
e:\уник\2cем\kes_22\kes_22\debug\kes_22.pdb
e:\уник\2cем\kes_22\kes_22\kes_22\debug\kes_22.tlog\cl.command.1.tlog
e:\уник\2cем\kes_22\kes_22\kes_22\debug\kes_22.tlog\cl.read.1.tlog
e:\уник\2cем\kes_22\kes_22\kes_22\debug\kes_22.tlog\cl.write.1.tlog
e:\уник\2cем\kes_22\kes_22\kes_22\debug\kes_22.tlog\link.command.1.tlog
e:\уник\2cем\kes_22\kes_22\kes_22\debug\kes_22.tlog\link.read.1.tlog
e:\уник\2cем\kes_22\kes_22\kes_22\debug\kes_22.tlog\link.write.1.tlog
